#
# There is insufficient memory for the Java Runtime Environment to continue.
# Native memory allocation (mmap) failed to map 130547712 bytes for committing reserved memory.
# Possible reasons:
#   The system is out of physical RAM or swap space
#   In 32 bit mode, the process size limit was hit
# Possible solutions:
#   Reduce memory load on the system
#   Increase physical memory or swap space
#   Check if swap backing store is full
#   Use 64 bit Java on a 64 bit OS
#   Decrease Java heap size (-Xmx/-Xms)
#   Decrease number of Java threads
#   Decrease Java thread stack sizes (-Xss)
#   Set larger code cache with -XX:ReservedCodeCacheSize=
# This output file may be truncated or incomplete.
#
#  Out of Memory Error (os_linux.cpp:2640), pid=8756, tid=0x00007ff9ff2f2700
#
# JRE version: Java(TM) SE Runtime Environment (8.0_161-b12) (build 1.8.0_161-b12)
# Java VM: Java HotSpot(TM) 64-Bit Server VM (25.161-b12 mixed mode linux-amd64 compressed oops)
# Failed to write core dump. Core dumps have been disabled. To enable core dumping, try "ulimit -c unlimited" before starting Java again
#

---------------  T H R E A D  ---------------

Current thread (0x00007ffa20144800):  VMThread [stack: 0x00007ff9ff1f2000,0x00007ff9ff2f3000] [id=8771]

Stack: [0x00007ff9ff1f2000,0x00007ff9ff2f3000],  sp=0x00007ff9ff2f1300,  free space=1020k
Native frames: (J=compiled Java code, j=interpreted, Vv=VM code, C=native code)
V  [libjvm.so+0xacf94a]  VMError::report_and_die()+0x2ba
V  [libjvm.so+0x50050b]  report_vm_out_of_memory(char const*, int, unsigned long, VMErrorType, char const*)+0x8b
V  [libjvm.so+0x92b133]  os::Linux::commit_memory_impl(char*, unsigned long, bool)+0x103
V  [libjvm.so+0x92b5c9]  os::pd_commit_memory(char*, unsigned long, unsigned long, bool)+0x29
V  [libjvm.so+0x924c0a]  os::commit_memory(char*, unsigned long, unsigned long, bool)+0x2a
V  [libjvm.so+0x99ab53]  PSVirtualSpace::expand_by(unsigned long)+0x53
V  [libjvm.so+0x99bf58]  PSYoungGen::resize_generation(unsigned long, unsigned long)+0xf8
V  [libjvm.so+0x99b0b2]  PSYoungGen::resize(unsigned long, unsigned long)+0x22
V  [libjvm.so+0x99838b]  PSScavenge::invoke_no_policy()+0xf3b
V  [libjvm.so+0x993635]  PSParallelCompact::invoke(bool)+0x85
V  [libjvm.so+0x487004]  CollectedHeap::collect_as_vm_thread(GCCause::Cause)+0x114
V  [libjvm.so+0xad0dd1]  VM_CollectForMetadataAllocation::doit()+0x161
V  [libjvm.so+0xad8ed5]  VM_Operation::evaluate()+0x55
V  [libjvm.so+0xad729a]  VMThread::evaluate_operation(VM_Operation*)+0xba
V  [libjvm.so+0xad761e]  VMThread::loop()+0x1ce
V  [libjvm.so+0xad7a90]  VMThread::run()+0x70
V  [libjvm.so+0x92da28]  java_start(Thread*)+0x108

VM_Operation (0x00007ff9fd15d110): CollectForMetadataAllocation, mode: safepoint, requested by thread 0x00007ff9b4002000


---------------  P R O C E S S  ---------------

Java Threads: ( => current thread )
  0x00007ff9a8723000 JavaThread "Tomcat JDBC Pool Cleaner[414493378:1519834585945]" daemon [_thread_blocked, id=8871, stack(0x00007ff9e0cfe000,0x00007ff9e0dff000)]
  0x00007ff9a86bd800 JavaThread "container-0" [_thread_blocked, id=8866, stack(0x00007ff9fc05e000,0x00007ff9fc15f000)]
  0x00007ff9a86bb800 JavaThread "ContainerBackgroundProcessor[StandardEngine[Tomcat]]" daemon [_thread_blocked, id=8865, stack(0x00007ff9fc75f000,0x00007ff9fc860000)]
  0x00007ff9ac187800 JavaThread "localhost-startStop-1" daemon [_thread_blocked, id=8860, stack(0x00007ff9fcc60000,0x00007ff9fcd61000)]
  0x00007ff9a86b4800 JavaThread "Tomcat-startStop-1" daemon [_thread_blocked, id=8859, stack(0x00007ff9fcf61000,0x00007ff9fd062000)]
  0x00007ff9b4002000 JavaThread "restartedMain" [_thread_blocked, id=8810, stack(0x00007ff9fd062000,0x00007ff9fd163000)]
  0x00007ffa209e3000 JavaThread "Thread-3" [_thread_blocked, id=8809, stack(0x00007ff9fd3dd000,0x00007ff9fd4de000)]
  0x00007ff9c8001000 JavaThread "RMI TCP Connection(2)-127.0.0.1" daemon [_thread_in_native, id=8803, stack(0x00007ff9fd4fc000,0x00007ff9fd5fd000)]
  0x00007ff9c0008000 JavaThread "RMI Scheduler(0)" daemon [_thread_blocked, id=8802, stack(0x00007ff9fd5fd000,0x00007ff9fd6fe000)]
  0x00007ffa20601000 JavaThread "RMI TCP Accept-0" daemon [_thread_in_native, id=8799, stack(0x00007ff9fd7ff000,0x00007ff9fd900000)]
  0x00007ff9cc001800 JavaThread "RMI TCP Connection(1)-127.0.0.1" daemon [_thread_in_native, id=8798, stack(0x00007ff9fd900000,0x00007ff9fda01000)]
  0x00007ffa205dd000 JavaThread "RMI TCP Accept-42727" daemon [_thread_in_native, id=8797, stack(0x00007ff9fda0e000,0x00007ff9fdb0f000)]
  0x00007ffa205c7000 JavaThread "RMI TCP Accept-0" daemon [_thread_in_native, id=8793, stack(0x00007ff9fdb0f000,0x00007ff9fdc10000)]
  0x00007ffa204f4000 JavaThread "Service Thread" daemon [_thread_blocked, id=8788, stack(0x00007ff9fe041000,0x00007ff9fe142000)]
  0x00007ffa204e0800 JavaThread "C1 CompilerThread2" daemon [_thread_blocked, id=8787, stack(0x00007ff9fe142000,0x00007ff9fe243000)]
  0x00007ffa204de800 JavaThread "C2 CompilerThread1" daemon [_thread_blocked, id=8786, stack(0x00007ff9fe45a000,0x00007ff9fe55b000)]
  0x00007ffa204dc800 JavaThread "C2 CompilerThread0" daemon [_thread_blocked, id=8785, stack(0x00007ff9fe55b000,0x00007ff9fe65c000)]
  0x00007ffa204db000 JavaThread "Monitor Ctrl-Break" daemon [_thread_in_native, id=8784, stack(0x00007ff9fe65c000,0x00007ff9fe75d000)]
  0x00007ffa20184000 JavaThread "Signal Dispatcher" daemon [_thread_blocked, id=8783, stack(0x00007ff9feae2000,0x00007ff9febe3000)]
  0x00007ffa20150800 JavaThread "Finalizer" daemon [_thread_blocked, id=8775, stack(0x00007ff9feff0000,0x00007ff9ff0f1000)]
  0x00007ffa2014c000 JavaThread "Reference Handler" daemon [_thread_blocked, id=8774, stack(0x00007ff9ff0f1000,0x00007ff9ff1f2000)]
  0x00007ffa2000f800 JavaThread "main" [_thread_blocked, id=8762, stack(0x00007ffa27991000,0x00007ffa27a92000)]

Other Threads:
=>0x00007ffa20144800 VMThread [stack: 0x00007ff9ff1f2000,0x00007ff9ff2f3000] [id=8771]
  0x00007ffa20604000 WatcherThread [stack: 0x00007ff9fd6fe000,0x00007ff9fd7ff000] [id=8801]

VM state:at safepoint (normal execution)

VM Mutex/Monitor currently owned by a thread:  ([mutex/lock_event])
[0x00007ffa2000bce0] Threads_lock - owner thread: 0x00007ffa20144800
[0x00007ffa2000c1e0] Heap_lock - owner thread: 0x00007ff9b4002000

Heap:
 PSYoungGen      total 245248K, used 11757K [0x00000000d9500000, 0x00000000e9700000, 0x0000000100000000)
  eden space 233472K, 0% used [0x00000000d9500000,0x00000000d9500000,0x00000000e7900000)
  from space 11776K, 99% used [0x00000000e8000000,0x00000000e8b7b758,0x00000000e8b80000)
  to   space 10240K, 0% used [0x00000000e8d00000,0x00000000e8d00000,0x00000000e9700000)
 ParOldGen       total 44544K, used 14659K [0x000000008be00000, 0x000000008e980000, 0x00000000d9500000)
  object space 44544K, 32% used [0x000000008be00000,0x000000008cc50cc8,0x000000008e980000)
 Metaspace       used 34794K, capacity 35270K, committed 35416K, reserved 1079296K
  class space    used 4499K, capacity 4627K, committed 4696K, reserved 1048576K

Card table byte_map: [0x00007ffa24139000,0x00007ffa244db000] byte_map_base: 0x00007ffa23cda000

Marking Bits: (ParMarkBitMap*) 0x00007ffa26e4a920
 Begin Bits: [0x00007ffa0d081000, 0x00007ffa0ed89000)
 End Bits:   [0x00007ffa0ed89000, 0x00007ffa10a91000)

Polling page: 0x00007ffa27aaf000

CodeCache: size=245760Kb used=6862Kb max_used=6862Kb free=238897Kb
 bounds [0x00007ffa11000000, 0x00007ffa116c0000, 0x00007ffa20000000]
 total_blobs=3660 nmethods=3192 adapters=381
 compilation: enabled

Compilation events (10 events):
Event: 21,976 Thread 0x00007ffa204e0800 3234       1       java.io.ObjectInputStream::readClassDescriptor (15 bytes)
Event: 21,976 Thread 0x00007ffa204e0800 nmethod 3234 0x00007ffa116b1190 code [0x00007ffa116b1300, 0x00007ffa116b14a8]
Event: 21,976 Thread 0x00007ffa204e0800 3235  s    1       sun.rmi.server.LoaderHandler::getDefaultCodebaseURLs (35 bytes)
Event: 21,977 Thread 0x00007ffa204e0800 nmethod 3235 0x00007ffa116b1550 code [0x00007ffa116b16c0, 0x00007ffa116b1a48]
Event: 21,977 Thread 0x00007ffa204e0800 3236   !   1       java.rmi.server.UID::<init> (164 bytes)
Event: 21,978 Thread 0x00007ffa204e0800 nmethod 3236 0x00007ffa116b1b10 code [0x00007ffa116b1ce0, 0x00007ffa116b22b8]
Event: 21,984 Thread 0x00007ffa204e0800 3237       1       org.jboss.logging.Logger::access$000 (10 bytes)
Event: 21,984 Thread 0x00007ffa204e0800 nmethod 3237 0x00007ffa116b26d0 code [0x00007ffa116b2840, 0x00007ffa116b2948]
Event: 21,984 Thread 0x00007ffa204e0800 3238       1       org.jboss.logging.Logger::join (112 bytes)
Event: 21,986 Thread 0x00007ffa204e0800 nmethod 3238 0x00007ffa116b29d0 code [0x00007ffa116b2c20, 0x00007ffa116b3798]

GC Heap History (10 events):
Event: 11,441 GC heap after
Heap after GC invocations=5 (full 0):
 PSYoungGen      total 66048K, used 4595K [0x00000000d9500000, 0x00000000e1f00000, 0x0000000100000000)
  eden space 61440K, 0% used [0x00000000d9500000,0x00000000d9500000,0x00000000dd100000)
  from space 4608K, 99% used [0x00000000dd100000,0x00000000dd57cde8,0x00000000dd580000)
  to   space 9216K, 0% used [0x00000000e1600000,0x00000000e1600000,0x00000000e1f00000)
 ParOldGen       total 80896K, used 6324K [0x000000008be00000, 0x0000000090d00000, 0x00000000d9500000)
  object space 80896K, 7% used [0x000000008be00000,0x000000008c42d3d0,0x0000000090d00000)
 Metaspace       used 18522K, capacity 18892K, committed 19200K, reserved 1067008K
  class space    used 2338K, capacity 2447K, committed 2560K, reserved 1048576K
}
Event: 13,290 GC heap before
{Heap before GC invocations=6 (full 0):
 PSYoungGen      total 66048K, used 66035K [0x00000000d9500000, 0x00000000e1f00000, 0x0000000100000000)
  eden space 61440K, 100% used [0x00000000d9500000,0x00000000dd100000,0x00000000dd100000)
  from space 4608K, 99% used [0x00000000dd100000,0x00000000dd57cde8,0x00000000dd580000)
  to   space 9216K, 0% used [0x00000000e1600000,0x00000000e1600000,0x00000000e1f00000)
 ParOldGen       total 80896K, used 6324K [0x000000008be00000, 0x0000000090d00000, 0x00000000d9500000)
  object space 80896K, 7% used [0x000000008be00000,0x000000008c42d3d0,0x0000000090d00000)
 Metaspace       used 20806K, capacity 21170K, committed 21248K, reserved 1067008K
  class space    used 2690K, capacity 2785K, committed 2816K, reserved 1048576K
Event: 13,307 GC heap after
Heap after GC invocations=6 (full 0):
 PSYoungGen      total 131072K, used 8618K [0x00000000d9500000, 0x00000000e2100000, 0x0000000100000000)
  eden space 121856K, 0% used [0x00000000d9500000,0x00000000d9500000,0x00000000e0c00000)
  from space 9216K, 93% used [0x00000000e1600000,0x00000000e1e6ab70,0x00000000e1f00000)
  to   space 10240K, 0% used [0x00000000e0c00000,0x00000000e0c00000,0x00000000e1600000)
 ParOldGen       total 80896K, used 6332K [0x000000008be00000, 0x0000000090d00000, 0x00000000d9500000)
  object space 80896K, 7% used [0x000000008be00000,0x000000008c42f3d0,0x0000000090d00000)
 Metaspace       used 20806K, capacity 21170K, committed 21248K, reserved 1067008K
  class space    used 2690K, capacity 2785K, committed 2816K, reserved 1048576K
}
Event: 13,340 GC heap before
{Heap before GC invocations=7 (full 0):
 PSYoungGen      total 131072K, used 11364K [0x00000000d9500000, 0x00000000e2100000, 0x0000000100000000)
  eden space 121856K, 2% used [0x00000000d9500000,0x00000000d97ae658,0x00000000e0c00000)
  from space 9216K, 93% used [0x00000000e1600000,0x00000000e1e6ab70,0x00000000e1f00000)
  to   space 10240K, 0% used [0x00000000e0c00000,0x00000000e0c00000,0x00000000e1600000)
 ParOldGen       total 80896K, used 6332K [0x000000008be00000, 0x0000000090d00000, 0x00000000d9500000)
  object space 80896K, 7% used [0x000000008be00000,0x000000008c42f3d0,0x0000000090d00000)
 Metaspace       used 20846K, capacity 21176K, committed 21248K, reserved 1067008K
  class space    used 2694K, capacity 2786K, committed 2816K, reserved 1048576K
Event: 13,355 GC heap after
Heap after GC invocations=7 (full 0):
 PSYoungGen      total 132096K, used 3987K [0x00000000d9500000, 0x00000000e9700000, 0x0000000100000000)
  eden space 121856K, 0% used [0x00000000d9500000,0x00000000d9500000,0x00000000e0c00000)
  from space 10240K, 38% used [0x00000000e0c00000,0x00000000e0fe4de8,0x00000000e1600000)
  to   space 10240K, 0% used [0x00000000e8d00000,0x00000000e8d00000,0x00000000e9700000)
 ParOldGen       total 80896K, used 8338K [0x000000008be00000, 0x0000000090d00000, 0x00000000d9500000)
  object space 80896K, 10% used [0x000000008be00000,0x000000008c624820,0x0000000090d00000)
 Metaspace       used 20846K, capacity 21176K, committed 21248K, reserved 1067008K
  class space    used 2694K, capacity 2786K, committed 2816K, reserved 1048576K
}
Event: 13,355 GC heap before
{Heap before GC invocations=8 (full 1):
 PSYoungGen      total 132096K, used 3987K [0x00000000d9500000, 0x00000000e9700000, 0x0000000100000000)
  eden space 121856K, 0% used [0x00000000d9500000,0x00000000d9500000,0x00000000e0c00000)
  from space 10240K, 38% used [0x00000000e0c00000,0x00000000e0fe4de8,0x00000000e1600000)
  to   space 10240K, 0% used [0x00000000e8d00000,0x00000000e8d00000,0x00000000e9700000)
 ParOldGen       total 80896K, used 8338K [0x000000008be00000, 0x0000000090d00000, 0x00000000d9500000)
  object space 80896K, 10% used [0x000000008be00000,0x000000008c624820,0x0000000090d00000)
 Metaspace       used 20846K, capacity 21176K, committed 21248K, reserved 1067008K
  class space    used 2694K, capacity 2786K, committed 2816K, reserved 1048576K
Event: 13,435 GC heap after
Heap after GC invocations=8 (full 1):
 PSYoungGen      total 132096K, used 0K [0x00000000d9500000, 0x00000000e9700000, 0x0000000100000000)
  eden space 121856K, 0% used [0x00000000d9500000,0x00000000d9500000,0x00000000e0c00000)
  from space 10240K, 0% used [0x00000000e0c00000,0x00000000e0c00000,0x00000000e1600000)
  to   space 10240K, 0% used [0x00000000e8d00000,0x00000000e8d00000,0x00000000e9700000)
 ParOldGen       total 44544K, used 7260K [0x000000008be00000, 0x000000008e980000, 0x00000000d9500000)
  object space 44544K, 16% used [0x000000008be00000,0x000000008c5171e0,0x000000008e980000)
 Metaspace       used 20846K, capacity 21176K, committed 21248K, reserved 1067008K
  class space    used 2694K, capacity 2786K, committed 2816K, reserved 1048576K
}
Event: 16,824 GC heap before
{Heap before GC invocations=9 (full 1):
 PSYoungGen      total 132096K, used 121856K [0x00000000d9500000, 0x00000000e9700000, 0x0000000100000000)
  eden space 121856K, 100% used [0x00000000d9500000,0x00000000e0c00000,0x00000000e0c00000)
  from space 10240K, 0% used [0x00000000e0c00000,0x00000000e0c00000,0x00000000e1600000)
  to   space 10240K, 0% used [0x00000000e8d00000,0x00000000e8d00000,0x00000000e9700000)
 ParOldGen       total 44544K, used 7260K [0x000000008be00000, 0x000000008e980000, 0x00000000d9500000)
  object space 44544K, 16% used [0x000000008be00000,0x000000008c5171e0,0x000000008e980000)
 Metaspace       used 25979K, capacity 26466K, committed 26624K, reserved 1073152K
  class space    used 3350K, capacity 3469K, committed 3584K, reserved 1048576K
Event: 16,844 GC heap after
Heap after GC invocations=9 (full 1):
 PSYoungGen      total 243712K, used 10237K [0x00000000d9500000, 0x00000000e9700000, 0x0000000100000000)
  eden space 233472K, 0% used [0x00000000d9500000,0x00000000d9500000,0x00000000e7900000)
  from space 10240K, 99% used [0x00000000e8d00000,0x00000000e96ff648,0x00000000e9700000)
  to   space 11776K, 0% used [0x00000000e8000000,0x00000000e8000000,0x00000000e8b80000)
 ParOldGen       total 44544K, used 7901K [0x000000008be00000, 0x000000008e980000, 0x00000000d9500000)
  object space 44544K, 17% used [0x000000008be00000,0x000000008c5b7588,0x000000008e980000)
 Metaspace       used 25979K, capacity 26466K, committed 26624K, reserved 1073152K
  class space    used 3350K, capacity 3469K, committed 3584K, reserved 1048576K
}
Event: 22,066 GC heap before
{Heap before GC invocations=10 (full 1):
 PSYoungGen      total 243712K, used 187592K [0x00000000d9500000, 0x00000000e9700000, 0x0000000100000000)
  eden space 233472K, 75% used [0x00000000d9500000,0x00000000e4232a58,0x00000000e7900000)
  from space 10240K, 99% used [0x00000000e8d00000,0x00000000e96ff648,0x00000000e9700000)
  to   space 11776K, 0% used [0x00000000e8000000,0x00000000e8000000,0x00000000e8b80000)
 ParOldGen       total 44544K, used 7901K [0x000000008be00000, 0x000000008e980000, 0x00000000d9500000)
  object space 44544K, 17% used [0x000000008be00000,0x000000008c5b7588,0x000000008e980000)
 Metaspace       used 34794K, capacity 35270K, committed 35416K, reserved 1079296K
  class space    used 4499K, capacity 4627K, committed 4696K, reserved 1048576K

Deoptimization events (0 events):
No events

Classes redefined (0 events):
No events

Internal exceptions (10 events):
Event: 19,479 Thread 0x00007ff9b4002000 Exception <a 'java/lang/ArrayIndexOutOfBoundsException'> (0x00000000e09ea7a8) thrown at [/HUDSON/workspace/8-2-build-linux-amd64/jdk8u161/10277/hotspot/src/share/vm/runtime/sharedRuntime.cpp, line 605]
Event: 19,480 Thread 0x00007ff9b4002000 Exception <a 'java/lang/ClassNotFoundException': org/springframework/beans/factory/BeanClassLoaderAwareCustomizer> (0x00000000e0a04c78) thrown at [/HUDSON/workspace/8-2-build-linux-amd64/jdk8u161/10277/hotspot/src/share/vm/classfile/systemDictionary.cpp, 
Event: 19,481 Thread 0x00007ff9b4002000 Exception <a 'java/lang/ClassNotFoundException': org/springframework/beans/factory/BeanFactoryAwareCustomizer> (0x00000000e0a1cd38) thrown at [/HUDSON/workspace/8-2-build-linux-amd64/jdk8u161/10277/hotspot/src/share/vm/classfile/systemDictionary.cpp, line
Event: 19,482 Thread 0x00007ff9b4002000 Exception <a 'java/lang/ClassNotFoundException': org/springframework/beans/factory/BeanNameAwareCustomizer> (0x00000000e0a34498) thrown at [/HUDSON/workspace/8-2-build-linux-amd64/jdk8u161/10277/hotspot/src/share/vm/classfile/systemDictionary.cpp, line 21
Event: 19,483 Thread 0x00007ff9b4002000 Exception <a 'java/lang/ClassNotFoundException': org/springframework/beans/factory/InitializingBeanCustomizer> (0x00000000e0a4c478) thrown at [/HUDSON/workspace/8-2-build-linux-amd64/jdk8u161/10277/hotspot/src/share/vm/classfile/systemDictionary.cpp, line
Event: 19,483 Thread 0x00007ff9b4002000 Exception <a 'java/lang/ClassNotFoundException': org/springframework/beans/factory/DisposableBeanCustomizer> (0x00000000e0a62dc8) thrown at [/HUDSON/workspace/8-2-build-linux-amd64/jdk8u161/10277/hotspot/src/share/vm/classfile/systemDictionary.cpp, line 2
Event: 19,484 Thread 0x00007ff9b4002000 Exception <a 'java/lang/ClassNotFoundException': org/springframework/orm/jpa/EntityManagerFactoryInfoCustomizer> (0x00000000e0a7abe8) thrown at [/HUDSON/workspace/8-2-build-linux-amd64/jdk8u161/10277/hotspot/src/share/vm/classfile/systemDictionary.cpp, li
Event: 19,484 Thread 0x00007ff9b4002000 Exception <a 'java/lang/ArrayIndexOutOfBoundsException'> (0x00000000e0a7dd18) thrown at [/HUDSON/workspace/8-2-build-linux-amd64/jdk8u161/10277/hotspot/src/share/vm/runtime/sharedRuntime.cpp, line 605]
Event: 19,485 Thread 0x00007ff9b4002000 Exception <a 'java/lang/ClassNotFoundException': org/springframework/dao/support/PersistenceExceptionTranslatorCustomizer> (0x00000000e0a9edd0) thrown at [/HUDSON/workspace/8-2-build-linux-amd64/jdk8u161/10277/hotspot/src/share/vm/classfile/systemDictiona
Event: 19,485 Thread 0x00007ff9b4002000 Exception <a 'java/lang/ClassNotFoundException': java/io/SerializableCustomizer> (0x00000000e0aa80b8) thrown at [/HUDSON/workspace/8-2-build-linux-amd64/jdk8u161/10277/hotspot/src/share/vm/classfile/systemDictionary.cpp, line 210]

Events (10 events):
Event: 22,064 loading class org/hibernate/internal/CoreMessageLogger_$logger_ru done
Event: 22,064 loading class org/hibernate/event/internal/DefaultResolveNaturalIdEventListener
Event: 22,064 loading class org/hibernate/event/internal/DefaultResolveNaturalIdEventListener done
Event: 22,065 loading class org/hibernate/internal/CoreMessageLogger_$logger_ru_UA
Event: 22,065 loading class org/hibernate/internal/CoreMessageLogger_$logger_ru_UA done
Event: 22,065 loading class org/hibernate/internal/CoreMessageLogger_$logger_ru
Event: 22,065 loading class org/hibernate/internal/CoreMessageLogger_$logger_ru done
Event: 22,066 loading class org/hibernate/event/internal/DefaultInitializeCollectionEventListener
Event: 22,066 loading class org/hibernate/event/internal/DefaultInitializeCollectionEventListener done
Event: 22,066 Executing VM operation: CollectForMetadataAllocation


Dynamic libraries:
00400000-00401000 r-xp 00000000 08:05 2493093                            /usr/lib/jvm/java-8-oracle/bin/java
00600000-00601000 rw-p 00000000 08:05 2493093                            /usr/lib/jvm/java-8-oracle/bin/java
01cf5000-01d16000 rw-p 00000000 00:00 0                                  [heap]
8be00000-8e980000 rw-p 00000000 00:00 0 
8e980000-d9500000 ---p 00000000 00:00 0 
d9500000-e9700000 rw-p 00000000 00:00 0 
f1380000-100000000 ---p 00000000 00:00 0 
100000000-100496000 rw-p 00000000 00:00 0 
100496000-140000000 ---p 00000000 00:00 0 
7ff990000000-7ff990021000 rw-p 00000000 00:00 0 
7ff990021000-7ff994000000 ---p 00000000 00:00 0 
7ff998000000-7ff998021000 rw-p 00000000 00:00 0 
7ff998021000-7ff99c000000 ---p 00000000 00:00 0 
7ff99c000000-7ff99c021000 rw-p 00000000 00:00 0 
7ff99c021000-7ff9a0000000 ---p 00000000 00:00 0 
7ff9a0000000-7ff9a00ac000 rw-p 00000000 00:00 0 
7ff9a00ac000-7ff9a4000000 ---p 00000000 00:00 0 
7ff9a4000000-7ff9a4021000 rw-p 00000000 00:00 0 
7ff9a4021000-7ff9a8000000 ---p 00000000 00:00 0 
7ff9a8000000-7ff9a8a52000 rw-p 00000000 00:00 0 
7ff9a8a52000-7ff9ac000000 ---p 00000000 00:00 0 
7ff9ac000000-7ff9ac189000 rw-p 00000000 00:00 0 
7ff9ac189000-7ff9b0000000 ---p 00000000 00:00 0 
7ff9b0000000-7ff9b029f000 rw-p 00000000 00:00 0 
7ff9b029f000-7ff9b4000000 ---p 00000000 00:00 0 
7ff9b4000000-7ff9b4021000 rw-p 00000000 00:00 0 
7ff9b4021000-7ff9b8000000 ---p 00000000 00:00 0 
7ff9b8000000-7ff9b8021000 rw-p 00000000 00:00 0 
7ff9b8021000-7ff9bc000000 ---p 00000000 00:00 0 
7ff9bc000000-7ff9bc021000 rw-p 00000000 00:00 0 
7ff9bc021000-7ff9c0000000 ---p 00000000 00:00 0 
7ff9c0000000-7ff9c0021000 rw-p 00000000 00:00 0 
7ff9c0021000-7ff9c4000000 ---p 00000000 00:00 0 
7ff9c4000000-7ff9c4021000 rw-p 00000000 00:00 0 
7ff9c4021000-7ff9c8000000 ---p 00000000 00:00 0 
7ff9c8000000-7ff9c8021000 rw-p 00000000 00:00 0 
7ff9c8021000-7ff9cc000000 ---p 00000000 00:00 0 
7ff9cc000000-7ff9cc021000 rw-p 00000000 00:00 0 
7ff9cc021000-7ff9d0000000 ---p 00000000 00:00 0 
7ff9d0000000-7ff9d07f4000 rw-p 00000000 00:00 0 
7ff9d07f4000-7ff9d4000000 ---p 00000000 00:00 0 
7ff9d4000000-7ff9d4021000 rw-p 00000000 00:00 0 
7ff9d4021000-7ff9d8000000 ---p 00000000 00:00 0 
7ff9d8000000-7ff9d8021000 rw-p 00000000 00:00 0 
7ff9d8021000-7ff9dc000000 ---p 00000000 00:00 0 
7ff9dc000000-7ff9dc066000 rw-p 00000000 00:00 0 
7ff9dc066000-7ff9e0000000 ---p 00000000 00:00 0 
7ff9e05fd000-7ff9e07fd000 rw-p 00000000 00:00 0 
7ff9e07fd000-7ff9e09fd000 rw-p 00000000 00:00 0 
7ff9e09fd000-7ff9e0a00000 ---p 00000000 00:00 0 
7ff9e0a00000-7ff9e0cfe000 rw-p 00000000 00:00 0 
7ff9e0cfe000-7ff9e0d01000 ---p 00000000 00:00 0 
7ff9e0d01000-7ff9e0fff000 rw-p 00000000 00:00 0 
7ff9e0fff000-7ff9e4000000 rw-p 00000000 00:00 0 
7ff9e4000000-7ff9e4021000 rw-p 00000000 00:00 0 
7ff9e4021000-7ff9e8000000 ---p 00000000 00:00 0 
7ff9e8000000-7ff9e8021000 rw-p 00000000 00:00 0 
7ff9e8021000-7ff9ec000000 ---p 00000000 00:00 0 
7ff9ec000000-7ff9ec021000 rw-p 00000000 00:00 0 
7ff9ec021000-7ff9f0000000 ---p 00000000 00:00 0 
7ff9f0000000-7ff9f0021000 rw-p 00000000 00:00 0 
7ff9f0021000-7ff9f4000000 ---p 00000000 00:00 0 
7ff9f4000000-7ff9f4290000 rw-p 00000000 00:00 0 
7ff9f4290000-7ff9f8000000 ---p 00000000 00:00 0 
7ff9f8000000-7ff9f8021000 rw-p 00000000 00:00 0 
7ff9f8021000-7ff9fc000000 ---p 00000000 00:00 0 
7ff9fc05e000-7ff9fc061000 ---p 00000000 00:00 0 
7ff9fc061000-7ff9fc35f000 rw-p 00000000 00:00 0 
7ff9fc35f000-7ff9fc55f000 rw-p 00000000 00:00 0 
7ff9fc55f000-7ff9fc75f000 rw-p 00000000 00:00 0 
7ff9fc75f000-7ff9fc762000 ---p 00000000 00:00 0 
7ff9fc762000-7ff9fca60000 rw-p 00000000 00:00 0 
7ff9fca60000-7ff9fcc60000 rw-p 00000000 00:00 0 
7ff9fcc60000-7ff9fcc63000 ---p 00000000 00:00 0 
7ff9fcc63000-7ff9fcf61000 rw-p 00000000 00:00 0 
7ff9fcf61000-7ff9fcf64000 ---p 00000000 00:00 0 
7ff9fcf64000-7ff9fd062000 rw-p 00000000 00:00 0 
7ff9fd062000-7ff9fd065000 ---p 00000000 00:00 0 
7ff9fd065000-7ff9fd163000 rw-p 00000000 00:00 0 
7ff9fd195000-7ff9fd198000 r--s 0001a000 08:05 2504047                    /usr/lib/jvm/java-8-oracle/jre/lib/jce.jar
7ff9fd19c000-7ff9fd1a1000 r--s 002f9000 08:05 2503965                    /usr/lib/jvm/java-8-oracle/jre/lib/charsets.jar
7ff9fd1a3000-7ff9fd3a3000 rw-p 00000000 00:00 0 
7ff9fd3a3000-7ff9fd3aa000 r--s 00000000 08:05 2898481                    /usr/lib/x86_64-linux-gnu/gconv/gconv-modules.cache
7ff9fd3ab000-7ff9fd3da000 r--p 00000000 08:05 3156430                    /usr/share/locale-langpack/ru/LC_MESSAGES/libc.mo
7ff9fd3dd000-7ff9fd3e0000 ---p 00000000 00:00 0 
7ff9fd3e0000-7ff9fd4de000 rw-p 00000000 00:00 0 
7ff9fd4de000-7ff9fd4fa000 r--s 00393000 08:05 2504113                    /usr/lib/jvm/java-8-oracle/jre/lib/ext/cldrdata.jar
7ff9fd4fc000-7ff9fd4ff000 ---p 00000000 00:00 0 
7ff9fd4ff000-7ff9fd5fd000 rw-p 00000000 00:00 0 
7ff9fd5fd000-7ff9fd600000 ---p 00000000 00:00 0 
7ff9fd600000-7ff9fd6fe000 rw-p 00000000 00:00 0 
7ff9fd6fe000-7ff9fd6ff000 ---p 00000000 00:00 0 
7ff9fd6ff000-7ff9fd7ff000 rw-p 00000000 00:00 0 
7ff9fd7ff000-7ff9fd802000 ---p 00000000 00:00 0 
7ff9fd802000-7ff9fd900000 rw-p 00000000 00:00 0 
7ff9fd900000-7ff9fd903000 ---p 00000000 00:00 0 
7ff9fd903000-7ff9fda01000 rw-p 00000000 00:00 0 
7ff9fda01000-7ff9fda0b000 r--s 00116000 08:05 2504120                    /usr/lib/jvm/java-8-oracle/jre/lib/ext/localedata.jar
7ff9fda0e000-7ff9fda11000 ---p 00000000 00:00 0 
7ff9fda11000-7ff9fdb0f000 rw-p 00000000 00:00 0 
7ff9fdb0f000-7ff9fdb12000 ---p 00000000 00:00 0 
7ff9fdb12000-7ff9fdc10000 rw-p 00000000 00:00 0 
7ff9fdc10000-7ff9fdc15000 r--s 0009d000 08:05 2503972                    /usr/lib/jvm/java-8-oracle/jre/lib/jsse.jar
7ff9fdc1b000-7ff9fdc2c000 r-xp 00000000 08:05 2504028                    /usr/lib/jvm/java-8-oracle/jre/lib/amd64/libnio.so
7ff9fdc2c000-7ff9fde2b000 ---p 00011000 08:05 2504028                    /usr/lib/jvm/java-8-oracle/jre/lib/amd64/libnio.so
7ff9fde2b000-7ff9fde2c000 rw-p 00010000 08:05 2504028                    /usr/lib/jvm/java-8-oracle/jre/lib/amd64/libnio.so
7ff9fde33000-7ff9fde3c000 r-xp 00000000 08:05 2504033                    /usr/lib/jvm/java-8-oracle/jre/lib/amd64/libmanagement.so
7ff9fde3c000-7ff9fe03b000 ---p 00009000 08:05 2504033                    /usr/lib/jvm/java-8-oracle/jre/lib/amd64/libmanagement.so
7ff9fe03b000-7ff9fe03c000 rw-p 00008000 08:05 2504033                    /usr/lib/jvm/java-8-oracle/jre/lib/amd64/libmanagement.so
7ff9fe041000-7ff9fe044000 ---p 00000000 00:00 0 
7ff9fe044000-7ff9fe142000 rw-p 00000000 00:00 0 
7ff9fe142000-7ff9fe145000 ---p 00000000 00:00 0 
7ff9fe145000-7ff9fe243000 rw-p 00000000 00:00 0 
7ff9fe243000-7ff9fe259000 r-xp 00000000 08:05 2504025                    /usr/lib/jvm/java-8-oracle/jre/lib/amd64/libnet.so
7ff9fe259000-7ff9fe459000 ---p 00016000 08:05 2504025                    /usr/lib/jvm/java-8-oracle/jre/lib/amd64/libnet.so
7ff9fe459000-7ff9fe45a000 rw-p 00016000 08:05 2504025                    /usr/lib/jvm/java-8-oracle/jre/lib/amd64/libnet.so
7ff9fe45a000-7ff9fe45d000 ---p 00000000 00:00 0 
7ff9fe45d000-7ff9fe55b000 rw-p 00000000 00:00 0 
7ff9fe55b000-7ff9fe55e000 ---p 00000000 00:00 0 
7ff9fe55e000-7ff9fe65c000 rw-p 00000000 00:00 0 
7ff9fe65c000-7ff9fe65f000 ---p 00000000 00:00 0 
7ff9fe65f000-7ff9fe75d000 rw-p 00000000 00:00 0 
7ff9fe75d000-7ff9fe75f000 r--s 0001a000 08:06 7082674                    /home/andrey/idea-IU-173.3727.127/lib/idea_rt.jar
7ff9fe75f000-7ff9fe769000 r--s 0005c000 08:06 26                         /home/andrey/.m2/repository/javax/servlet/jstl/1.2/jstl-1.2.jar
7ff9fe769000-7ff9fe77f000 r--s 000fe000 08:06 7480931                    /home/andrey/.m2/repository/org/springframework/spring-core/4.3.14.RELEASE/spring-core-4.3.14.RELEASE.jar
7ff9fe77f000-7ff9fe792000 r--s 00244000 08:06 7616458                    /home/andrey/.m2/repository/org/eclipse/jdt/ecj/3.12.3/ecj-3.12.3.jar
7ff9fe792000-7ff9fe796000 r--s 00037000 08:06 7087974                    /home/andrey/.m2/repository/org/apache/tomcat/embed/tomcat-embed-el/8.5.27/tomcat-embed-el-8.5.27.jar
7ff9fe79d000-7ff9fe79f000 r--s 00002000 08:06 7087972                    /home/andrey/.m2/repository/org/apache/tomcat/tomcat-annotations-api/8.5.27/tomcat-annotations-api-8.5.27.jar
7ff9fe7a1000-7ff9fe7ca000 r--s 002ce000 08:06 7087970                    /home/andrey/.m2/repository/org/apache/tomcat/embed/tomcat-embed-core/8.5.27/tomcat-embed-core-8.5.27.jar
7ff9fe7cc000-7ff9fe7e1000 r--s 00161000 08:06 7218098                    /home/andrey/.m2/repository/org/projectlombok/lombok/1.16.20/lombok-1.16.20.jar
7ff9fe7e1000-7ff9fe7f0000 r--s 001ae000 08:06 7354060                    /home/andrey/.m2/repository/com/h2database/h2/1.4.196/h2-1.4.196.jar
7ff9fe7f1000-7ff9fe811000 r--s 000e6000 08:06 7480929                    /home/andrey/.m2/repository/org/springframework/boot/spring-boot-autoconfigure/1.5.10.RELEASE/spring-boot-autoconfigure-1.5.10.RELEASE.jar
7ff9fe818000-7ff9fe828000 r--s 00095000 08:06 7480913                    /home/andrey/.m2/repository/org/springframework/boot/spring-boot/1.5.10.RELEASE/spring-boot-1.5.10.RELEASE.jar
7ff9fe82a000-7ff9fe830000 r--s 0002f000 08:06 7616059                    /home/andrey/.m2/repository/org/springframework/boot/spring-boot-devtools/1.5.10.RELEASE/spring-boot-devtools-1.5.10.RELEASE.jar
7ff9fe832000-7ff9fe844000 r--s 000cf000 08:06 7615976                    /home/andrey/.m2/repository/org/springframework/spring-webmvc/4.3.14.RELEASE/spring-webmvc-4.3.14.RELEASE.jar
7ff9fe84b000-7ff9fe85d000 r--s 000b8000 08:06 7615981                    /home/andrey/.m2/repository/org/springframework/spring-web/4.3.14.RELEASE/spring-web-4.3.14.RELEASE.jar
7ff9fe85d000-7ff9fe861000 r--s 00042000 08:06 145819                     /home/andrey/.m2/repository/com/fasterxml/jackson/core/jackson-core/2.8.10/jackson-core-2.8.10.jar
7ff9fe866000-7ff9fe869000 r--s 0000b000 08:06 143978                     /home/andrey/.m2/repository/com/fasterxml/jackson/core/jackson-annotations/2.8.0/jackson-annotations-2.8.0.jar
7ff9fe869000-7ff9fe87b000 r--s 0011e000 08:06 145817                     /home/andrey/.m2/repository/com/fasterxml/jackson/core/jackson-databind/2.8.10/jackson-databind-2.8.10.jar
7ff9fe881000-7ff9fe883000 r--s 0000e000 08:06 7353686                    /home/andrey/.m2/repository/com/fasterxml/classmate/1.3.4/classmate-1.3.4.jar
7ff9fe887000-7ff9fe88b000 r--s 0000c000 08:06 7217887                    /home/andrey/.m2/repository/javax/validation/validation-api/1.1.0.Final/validation-api-1.1.0.Final.jar
7ff9fe88c000-7ff9fe89d000 r--s 000a1000 08:06 7217878                    /home/andrey/.m2/repository/org/hibernate/hibernate-validator/5.3.6.Final/hibernate-validator-5.3.6.Final.jar
7ff9fe89d000-7ff9fe8a2000 r--s 0003a000 08:06 7087977                    /home/andrey/.m2/repository/org/apache/tomcat/embed/tomcat-embed-websocket/8.5.27/tomcat-embed-websocket-8.5.27.jar
7ff9fe8a3000-7ff9fe8a4000 r--s 00000000 08:06 7615972                    /home/andrey/.m2/repository/org/springframework/boot/spring-boot-starter-tomcat/1.5.10.RELEASE/spring-boot-starter-tomcat-1.5.10.RELEASE.jar
7ff9fe8ab000-7ff9fe8ac000 r--s 00000000 08:06 7480917                    /home/andrey/.m2/repository/org/springframework/boot/spring-boot-starter-web/1.5.10.RELEASE/spring-boot-starter-web-1.5.10.RELEASE.jar
7ff9fe8b1000-7ff9fe8b3000 r--s 0000e000 08:06 1187052                    /home/andrey/.m2/repository/javax/activation/activation/1.1/activation-1.1.jar
7ff9fe8b7000-7ff9fe8c0000 r--s 0008c000 08:06 7218112                    /home/andrey/.m2/repository/com/sun/mail/javax.mail/1.5.6/javax.mail-1.5.6.jar
7ff9fe8c4000-7ff9fe8c9000 r--s 00029000 08:06 7616049                    /home/andrey/.m2/repository/org/springframework/spring-context-support/4.3.14.RELEASE/spring-context-support-4.3.14.RELEASE.jar
7ff9fe8cf000-7ff9fe8d4000 r--s 0003c000 08:06 7615969                    /home/andrey/.m2/repository/org/springframework/spring-expression/4.3.14.RELEASE/spring-expression-4.3.14.RELEASE.jar
7ff9fe8d9000-7ff9fe8f2000 r--s 000fe000 08:06 7615983                    /home/andrey/.m2/repository/org/springframework/spring-context/4.3.14.RELEASE/spring-context-4.3.14.RELEASE.jar
7ff9fe8f3000-7ff9fe8f4000 r--s 00000000 08:06 7616047                    /home/andrey/.m2/repository/org/springframework/boot/spring-boot-starter-mail/1.5.10.RELEASE/spring-boot-starter-mail-1.5.10.RELEASE.jar
7ff9fe8f7000-7ff9fe8fa000 r--s 0000c000 08:06 7615973                    /home/andrey/.m2/repository/org/springframework/spring-aspects/4.3.14.RELEASE/spring-aspects-4.3.14.RELEASE.jar
7ff9fe8fe000-7ff9fe900000 r--s 00003000 08:06 7217892                    /home/andrey/.m2/repository/org/slf4j/jcl-over-slf4j/1.7.25/jcl-over-slf4j-1.7.25.jar
7ff9fe904000-7ff9fe906000 r--s 00009000 08:06 7217900                    /home/andrey/.m2/repository/org/slf4j/slf4j-api/1.7.25/slf4j-api-1.7.25.jar
7ff9fe908000-7ff9fe916000 r--s 000ad000 08:06 7615970                    /home/andrey/.m2/repository/org/springframework/spring-beans/4.3.14.RELEASE/spring-beans-4.3.14.RELEASE.jar
7ff9fe91d000-7ff9fe925000 r--s 0003a000 08:06 7480918                    /home/andrey/.m2/repository/org/springframework/spring-tx/4.3.14.RELEASE/spring-tx-4.3.14.RELEASE.jar
7ff9fe926000-7ff9fe930000 r--s 0006b000 08:06 7480903                    /home/andrey/.m2/repository/org/springframework/spring-orm/4.3.14.RELEASE/spring-orm-4.3.14.RELEASE.jar
7ff9fe931000-7ff9fe944000 r--s 000ae000 08:06 7480923                    /home/andrey/.m2/repository/org/springframework/data/spring-data-commons/1.13.10.RELEASE/spring-data-commons-1.13.10.RELEASE.jar
7ff9fe944000-7ff9fe94b000 r--s 00041000 08:06 7480922                    /home/andrey/.m2/repository/org/springframework/data/spring-data-jpa/1.11.10.RELEASE/spring-data-jpa-1.11.10.RELEASE.jar
7ff9fe951000-7ff9fe953000 r--s 00006000 08:06 7480618                    /home/andrey/.m2/repository/javax/transaction/javax.transaction-api/1.2/javax.transaction-api-1.2.jar
7ff9fe954000-7ff9fe961000 r--s 00089000 08:06 7217885                    /home/andrey/.m2/repository/org/hibernate/hibernate-entitymanager/5.0.12.Final/hibernate-entitymanager-5.0.12.Final.jar
7ff9fe963000-7ff9fe966000 r--s 00010000 08:06 7352845                    /home/andrey/.m2/repository/org/hibernate/common/hibernate-commons-annotations/5.0.1.Final/hibernate-commons-annotations-5.0.1.Final.jar
7ff9fe96b000-7ff9fe970000 r--s 00048000 08:06 7352842                    /home/andrey/.m2/repository/dom4j/dom4j/1.6.1/dom4j-1.6.1.jar
7ff9fe976000-7ff9fe979000 r--s 0002b000 08:06 7353688                    /home/andrey/.m2/repository/org/jboss/jandex/2.0.0.Final/jandex-2.0.0.Final.jar
7ff9fe97b000-7ff9fe980000 r--s 00068000 08:06 7352833                    /home/andrey/.m2/repository/antlr/antlr/2.7.7/antlr-2.7.7.jar
7ff9fe985000-7ff9fe98f000 r--s 000aa000 08:06 7353690                    /home/andrey/.m2/repository/org/javassist/javassist/3.21.0-GA/javassist-3.21.0-GA.jar
7ff9fe992000-7ff9fe997000 r--s 00017000 08:06 7352830                    /home/andrey/.m2/repository/org/hibernate/javax/persistence/hibernate-jpa-2.1-api/1.0.0.Final/hibernate-jpa-2.1-api-1.0.0.Final.jar
7ff9fe999000-7ff9fe99c000 r--s 0000e000 08:06 7217893                    /home/andrey/.m2/repository/org/jboss/logging/jboss-logging/3.3.1.Final/jboss-logging-3.3.1.Final.jar
7ff9fe99e000-7ff9fea07000 r--s 004f3000 08:06 7217882                    /home/andrey/.m2/repository/org/hibernate/hibernate-core/5.0.12.Final/hibernate-core-5.0.12.Final.jar
7ff9fea0a000-7ff9fea14000 r--s 0005f000 08:06 7480927                    /home/andrey/.m2/repository/org/springframework/spring-jdbc/4.3.14.RELEASE/spring-jdbc-4.3.14.RELEASE.jar
7ff9fea16000-7ff9fea17000 r--s 0000b000 08:06 7087968                    /home/andrey/.m2/repository/org/apache/tomcat/tomcat-juli/8.5.27/tomcat-juli-8.5.27.jar
7ff9fea1c000-7ff9fea1f000 r--s 00021000 08:06 7087966                    /home/andrey/.m2/repository/org/apache/tomcat/tomcat-jdbc/8.5.27/tomcat-jdbc-8.5.27.jar
7ff9fea23000-7ff9fea24000 r--s 00000000 08:06 7480904                    /home/andrey/.m2/repository/org/springframework/boot/spring-boot-starter-jdbc/1.5.10.RELEASE/spring-boot-starter-jdbc-1.5.10.RELEASE.jar
7ff9fea2a000-7ff9fea43000 r--s 001bf000 08:06 7087831                    /home/andrey/.m2/repository/org/aspectj/aspectjweaver/1.8.13/aspectjweaver-1.8.13.jar
7ff9fea45000-7ff9feadb000 r--s 0110a000 08:05 2504114                    /usr/lib/jvm/java-8-oracle/jre/lib/ext/jfxrt.jar
7ff9feae2000-7ff9feae5000 ---p 00000000 00:00 0 
7ff9feae5000-7ff9febe3000 rw-p 00000000 00:00 0 
7ff9febe3000-7ff9fefed000 r--p 00000000 08:05 2490441                    /usr/lib/locale/locale-archive
7ff9feff0000-7ff9feff3000 ---p 00000000 00:00 0 
7ff9feff3000-7ff9ff0f1000 rw-p 00000000 00:00 0 
7ff9ff0f1000-7ff9ff0f4000 ---p 00000000 00:00 0 
7ff9ff0f4000-7ff9ff1f2000 rw-p 00000000 00:00 0 
7ff9ff1f2000-7ff9ff1f3000 ---p 00000000 00:00 0 
7ff9ff1f3000-7ffa00000000 rw-p 00000000 00:00 0 
7ffa00000000-7ffa00021000 rw-p 00000000 00:00 0 
7ffa00021000-7ffa04000000 ---p 00000000 00:00 0 
7ffa04000000-7ffa04021000 rw-p 00000000 00:00 0 
7ffa04021000-7ffa08000000 ---p 00000000 00:00 0 
7ffa08000000-7ffa08021000 rw-p 00000000 00:00 0 
7ffa08021000-7ffa0c000000 ---p 00000000 00:00 0 
7ffa0c007000-7ffa0c010000 r--s 00054000 08:06 7615967                    /home/andrey/.m2/repository/org/springframework/spring-aop/4.3.14.RELEASE/spring-aop-4.3.14.RELEASE.jar
7ffa0c013000-7ffa0c014000 r--s 00000000 08:06 7480911                    /home/andrey/.m2/repository/org/springframework/boot/spring-boot-starter-aop/1.5.10.RELEASE/spring-boot-starter-aop-1.5.10.RELEASE.jar
7ffa0c018000-7ffa0c01e000 r--s 0003d000 08:06 7087823                    /home/andrey/.m2/repository/org/yaml/snakeyaml/1.17/snakeyaml-1.17.jar
7ffa0c01f000-7ffa0c021000 r--s 00004000 08:06 7217884                    /home/andrey/.m2/repository/org/slf4j/log4j-over-slf4j/1.7.25/log4j-over-slf4j-1.7.25.jar
7ffa0c023000-7ffa0c025000 r--s 00000000 08:06 7217880                    /home/andrey/.m2/repository/org/slf4j/jul-to-slf4j/1.7.25/jul-to-slf4j-1.7.25.jar
7ffa0c025000-7ffa0c030000 r--s 0006a000 08:06 7087821                    /home/andrey/.m2/repository/ch/qos/logback/logback-core/1.1.11/logback-core-1.1.11.jar
7ffa0c030000-7ffa0c037000 r--s 00045000 08:06 7087819                    /home/andrey/.m2/repository/ch/qos/logback/logback-classic/1.1.11/logback-classic-1.1.11.jar
7ffa0c03b000-7ffa0c03c000 r--s 00000000 08:06 7480909                    /home/andrey/.m2/repository/org/springframework/boot/spring-boot-starter-logging/1.5.10.RELEASE/spring-boot-starter-logging-1.5.10.RELEASE.jar
7ffa0c043000-7ffa0c044000 r--s 00000000 08:06 7480925                    /home/andrey/.m2/repository/org/springframework/boot/spring-boot-starter/1.5.10.RELEASE/spring-boot-starter-1.5.10.RELEASE.jar
7ffa0c04b000-7ffa0c04c000 r--s 00000000 08:06 7480899                    /home/andrey/.m2/repository/org/springframework/boot/spring-boot-starter-data-jpa/1.5.10.RELEASE/spring-boot-starter-data-jpa-1.5.10.RELEASE.jar
7ffa0c050000-7ffa0c063000 r--s 00345000 08:05 2503971                    /usr/lib/jvm/java-8-oracle/jre/lib/resources.jar
7ffa0c069000-7ffa0c07c000 r--s 000d6000 08:05 2503915                    /usr/lib/jvm/java-8-oracle/jre/lib/plugin.jar
7ffa0c083000-7ffa0c084000 r--s 00000000 08:05 2503897                    /usr/lib/jvm/java-8-oracle/jre/lib/management-agent.jar
7ffa0c088000-7ffa0c08d000 r--s 0009d000 08:05 2503972                    /usr/lib/jvm/java-8-oracle/jre/lib/jsse.jar
7ffa0c08d000-7ffa0c28f000 rw-p 00000000 00:00 0 
7ffa0c28f000-7ffa0c468000 r--s 03d64000 08:05 2503967                    /usr/lib/jvm/java-8-oracle/jre/lib/rt.jar
7ffa0c46a000-7ffa10a91000 rw-p 00000000 00:00 0 
7ffa10a91000-7ffa10a92000 ---p 00000000 00:00 0 
7ffa10a92000-7ffa10b92000 rw-p 00000000 00:00 0 
7ffa10b92000-7ffa10b93000 ---p 00000000 00:00 0 
7ffa10b93000-7ffa10c93000 rw-p 00000000 00:00 0 
7ffa10c93000-7ffa10c94000 ---p 00000000 00:00 0 
7ffa10c94000-7ffa10daa000 rw-p 00000000 00:00 0 
7ffa10daa000-7ffa11000000 ---p 00000000 00:00 0 
7ffa11000000-7ffa116c0000 rwxp 00000000 00:00 0 
7ffa116c0000-7ffa20000000 ---p 00000000 00:00 0 
7ffa20000000-7ffa209e9000 rw-p 00000000 00:00 0 
7ffa209e9000-7ffa24000000 ---p 00000000 00:00 0 
7ffa24007000-7ffa2400c000 r--s 00084000 08:05 2503890                    /usr/lib/jvm/java-8-oracle/jre/lib/jfr.jar
7ffa2400d000-7ffa24010000 r--s 0001a000 08:05 2504047                    /usr/lib/jvm/java-8-oracle/jre/lib/jce.jar
7ffa24016000-7ffa24032000 r--s 0020b000 08:05 2503891                    /usr/lib/jvm/java-8-oracle/jre/lib/deploy.jar
7ffa24038000-7ffa24039000 ---p 00000000 00:00 0 
7ffa24039000-7ffa2414f000 rw-p 00000000 00:00 0 
7ffa2414f000-7ffa243a4000 ---p 00000000 00:00 0 
7ffa243a4000-7ffa24426000 rw-p 00000000 00:00 0 
7ffa24426000-7ffa244da000 ---p 00000000 00:00 0 
7ffa244da000-7ffa244f6000 rw-p 00000000 00:00 0 
7ffa244f6000-7ffa2489b000 ---p 00000000 00:00 0 
7ffa2489b000-7ffa248b6000 r-xp 00000000 08:05 2504021                    /usr/lib/jvm/java-8-oracle/jre/lib/amd64/libzip.so
7ffa248b6000-7ffa24ab6000 ---p 0001b000 08:05 2504021                    /usr/lib/jvm/java-8-oracle/jre/lib/amd64/libzip.so
7ffa24ab6000-7ffa24ab7000 rw-p 0001b000 08:05 2504021                    /usr/lib/jvm/java-8-oracle/jre/lib/amd64/libzip.so
7ffa24abb000-7ffa24ac6000 r-xp 00000000 08:05 1049889                    /lib/x86_64-linux-gnu/libnss_files-2.23.so
7ffa24ac6000-7ffa24cc5000 ---p 0000b000 08:05 1049889                    /lib/x86_64-linux-gnu/libnss_files-2.23.so
7ffa24cc5000-7ffa24cc6000 r--p 0000a000 08:05 1049889                    /lib/x86_64-linux-gnu/libnss_files-2.23.so
7ffa24cc6000-7ffa24cc7000 rw-p 0000b000 08:05 1049889                    /lib/x86_64-linux-gnu/libnss_files-2.23.so
7ffa24cc7000-7ffa24ccd000 rw-p 00000000 00:00 0 
7ffa24cd3000-7ffa24cde000 r-xp 00000000 08:05 1049893                    /lib/x86_64-linux-gnu/libnss_nis-2.23.so
7ffa24cde000-7ffa24edd000 ---p 0000b000 08:05 1049893                    /lib/x86_64-linux-gnu/libnss_nis-2.23.so
7ffa24edd000-7ffa24ede000 r--p 0000a000 08:05 1049893                    /lib/x86_64-linux-gnu/libnss_nis-2.23.so
7ffa24ede000-7ffa24edf000 rw-p 0000b000 08:05 1049893                    /lib/x86_64-linux-gnu/libnss_nis-2.23.so
7ffa24ee3000-7ffa24ef9000 r-xp 00000000 08:05 1049873                    /lib/x86_64-linux-gnu/libnsl-2.23.so
7ffa24ef9000-7ffa250f8000 ---p 00016000 08:05 1049873                    /lib/x86_64-linux-gnu/libnsl-2.23.so
7ffa250f8000-7ffa250f9000 r--p 00015000 08:05 1049873                    /lib/x86_64-linux-gnu/libnsl-2.23.so
7ffa250f9000-7ffa250fa000 rw-p 00016000 08:05 1049873                    /lib/x86_64-linux-gnu/libnsl-2.23.so
7ffa250fa000-7ffa250fc000 rw-p 00000000 00:00 0 
7ffa25103000-7ffa2510b000 r-xp 00000000 08:05 1049884                    /lib/x86_64-linux-gnu/libnss_compat-2.23.so
7ffa2510b000-7ffa2530a000 ---p 00008000 08:05 1049884                    /lib/x86_64-linux-gnu/libnss_compat-2.23.so
7ffa2530a000-7ffa2530b000 r--p 00007000 08:05 1049884                    /lib/x86_64-linux-gnu/libnss_compat-2.23.so
7ffa2530b000-7ffa2530c000 rw-p 00008000 08:05 1049884                    /lib/x86_64-linux-gnu/libnss_compat-2.23.so
7ffa25313000-7ffa2531d000 r-xp 00000000 08:05 2504030                    /usr/lib/jvm/java-8-oracle/jre/lib/amd64/libinstrument.so
7ffa2531d000-7ffa2551c000 ---p 0000a000 08:05 2504030                    /usr/lib/jvm/java-8-oracle/jre/lib/amd64/libinstrument.so
7ffa2551c000-7ffa2551d000 rw-p 00009000 08:05 2504030                    /usr/lib/jvm/java-8-oracle/jre/lib/amd64/libinstrument.so
7ffa25523000-7ffa2554e000 r-xp 00000000 08:05 2504015                    /usr/lib/jvm/java-8-oracle/jre/lib/amd64/libjava.so
7ffa2554e000-7ffa2574d000 ---p 0002b000 08:05 2504015                    /usr/lib/jvm/java-8-oracle/jre/lib/amd64/libjava.so
7ffa2574d000-7ffa2574f000 rw-p 0002a000 08:05 2504015                    /usr/lib/jvm/java-8-oracle/jre/lib/amd64/libjava.so
7ffa25753000-7ffa25760000 r-xp 00000000 08:05 2504020                    /usr/lib/jvm/java-8-oracle/jre/lib/amd64/libverify.so
7ffa25760000-7ffa25960000 ---p 0000d000 08:05 2504020                    /usr/lib/jvm/java-8-oracle/jre/lib/amd64/libverify.so
7ffa25960000-7ffa25962000 rw-p 0000d000 08:05 2504020                    /usr/lib/jvm/java-8-oracle/jre/lib/amd64/libverify.so
7ffa25963000-7ffa2596a000 r-xp 00000000 08:05 1049894                    /lib/x86_64-linux-gnu/librt-2.23.so
7ffa2596a000-7ffa25b69000 ---p 00007000 08:05 1049894                    /lib/x86_64-linux-gnu/librt-2.23.so
7ffa25b69000-7ffa25b6a000 r--p 00006000 08:05 1049894                    /lib/x86_64-linux-gnu/librt-2.23.so
7ffa25b6a000-7ffa25b6b000 rw-p 00007000 08:05 1049894                    /lib/x86_64-linux-gnu/librt-2.23.so
7ffa25b6b000-7ffa25c73000 r-xp 00000000 08:05 1049871                    /lib/x86_64-linux-gnu/libm-2.23.so
7ffa25c73000-7ffa25e72000 ---p 00108000 08:05 1049871                    /lib/x86_64-linux-gnu/libm-2.23.so
7ffa25e72000-7ffa25e73000 r--p 00107000 08:05 1049871                    /lib/x86_64-linux-gnu/libm-2.23.so
7ffa25e73000-7ffa25e74000 rw-p 00108000 08:05 1049871                    /lib/x86_64-linux-gnu/libm-2.23.so
7ffa25e7b000-7ffa26b54000 r-xp 00000000 08:05 2504043                    /usr/lib/jvm/java-8-oracle/jre/lib/amd64/server/libjvm.so
7ffa26b54000-7ffa26d53000 ---p 00cd9000 08:05 2504043                    /usr/lib/jvm/java-8-oracle/jre/lib/amd64/server/libjvm.so
7ffa26d53000-7ffa26e2c000 rw-p 00cd8000 08:05 2504043                    /usr/lib/jvm/java-8-oracle/jre/lib/amd64/server/libjvm.so
7ffa26e2c000-7ffa26e78000 rw-p 00000000 00:00 0 
7ffa26e7b000-7ffa2703b000 r-xp 00000000 08:05 1049876                    /lib/x86_64-linux-gnu/libc-2.23.so
7ffa2703b000-7ffa2723b000 ---p 001c0000 08:05 1049876                    /lib/x86_64-linux-gnu/libc-2.23.so
7ffa2723b000-7ffa2723f000 r--p 001c0000 08:05 1049876                    /lib/x86_64-linux-gnu/libc-2.23.so
7ffa2723f000-7ffa27241000 rw-p 001c4000 08:05 1049876                    /lib/x86_64-linux-gnu/libc-2.23.so
7ffa27241000-7ffa27245000 rw-p 00000000 00:00 0 
7ffa2724b000-7ffa2724e000 r-xp 00000000 08:05 1049878                    /lib/x86_64-linux-gnu/libdl-2.23.so
7ffa2724e000-7ffa2744d000 ---p 00003000 08:05 1049878                    /lib/x86_64-linux-gnu/libdl-2.23.so
7ffa2744d000-7ffa2744e000 r--p 00002000 08:05 1049878                    /lib/x86_64-linux-gnu/libdl-2.23.so
7ffa2744e000-7ffa2744f000 rw-p 00003000 08:05 1049878                    /lib/x86_64-linux-gnu/libdl-2.23.so
7ffa27453000-7ffa27469000 r-xp 00000000 08:05 2503842                    /usr/lib/jvm/java-8-oracle/lib/amd64/jli/libjli.so
7ffa27469000-7ffa27668000 ---p 00016000 08:05 2503842                    /usr/lib/jvm/java-8-oracle/lib/amd64/jli/libjli.so
7ffa27668000-7ffa27669000 rw-p 00015000 08:05 2503842                    /usr/lib/jvm/java-8-oracle/lib/amd64/jli/libjli.so
7ffa2766b000-7ffa27683000 r-xp 00000000 08:05 1049875                    /lib/x86_64-linux-gnu/libpthread-2.23.so
7ffa27683000-7ffa27882000 ---p 00018000 08:05 1049875                    /lib/x86_64-linux-gnu/libpthread-2.23.so
7ffa27882000-7ffa27883000 r--p 00017000 08:05 1049875                    /lib/x86_64-linux-gnu/libpthread-2.23.so
7ffa27883000-7ffa27884000 rw-p 00018000 08:05 1049875                    /lib/x86_64-linux-gnu/libpthread-2.23.so
7ffa27884000-7ffa27888000 rw-p 00000000 00:00 0 
7ffa2788b000-7ffa278b1000 r-xp 00000000 08:05 1049874                    /lib/x86_64-linux-gnu/ld-2.23.so
7ffa278b8000-7ffa278c1000 r--s 0006d000 08:05 2503900                    /usr/lib/jvm/java-8-oracle/jre/lib/javaws.jar
7ffa278c2000-7ffa27991000 rw-p 00000000 00:00 0 
7ffa27991000-7ffa27994000 ---p 00000000 00:00 0 
7ffa27994000-7ffa27a93000 rw-p 00000000 00:00 0 
7ffa27a9a000-7ffa27a9c000 r--s 00007000 08:05 2504049                    /usr/lib/jvm/java-8-oracle/jre/lib/jfxswt.jar
7ffa27a9c000-7ffa27aa1000 r--s 002f9000 08:05 2503965                    /usr/lib/jvm/java-8-oracle/jre/lib/charsets.jar
7ffa27aa3000-7ffa27aab000 rw-s 00000000 08:05 802456                     /tmp/hsperfdata_andrey/8756
7ffa27aae000-7ffa27aaf000 rw-p 00000000 00:00 0 
7ffa27aaf000-7ffa27ab0000 ---p 00000000 00:00 0 
7ffa27ab0000-7ffa27ab1000 r--p 00025000 08:05 1049874                    /lib/x86_64-linux-gnu/ld-2.23.so
7ffa27ab1000-7ffa27ab2000 rw-p 00026000 08:05 1049874                    /lib/x86_64-linux-gnu/ld-2.23.so
7ffa27ab2000-7ffa27ab4000 rw-p 00000000 00:00 0 
7ffa27ab4000-7ffa27ab7000 rw-p 00000000 00:00 0 
7ffd753de000-7ffd75401000 rw-p 00000000 00:00 0                          [stack]
7ffd755f3000-7ffd755f6000 r--p 00000000 00:00 0                          [vvar]
7ffd755f6000-7ffd755f8000 r-xp 00000000 00:00 0                          [vdso]
ffffffffff600000-ffffffffff601000 r-xp 00000000 00:00 0                  [vsyscall]

VM Arguments:
jvm_args: -XX:TieredStopAtLevel=1 -Xverify:none -Dspring.output.ansi.enabled=always -Dcom.sun.management.jmxremote -Dcom.sun.management.jmxremote.port=42727 -Dcom.sun.management.jmxremote.authenticate=false -Dcom.sun.management.jmxremote.ssl=false -Dspring.liveBeansView.mbeanDomain -Dspring.application.admin.enabled=true -javaagent:/home/andrey/idea-IU-173.3727.127/lib/idea_rt.jar=34361:/home/andrey/idea-IU-173.3727.127/bin -Dfile.encoding=UTF-8 
java_command: com.example.hotel.hotel_booking.HotelBookingApplication
java_class_path (initial): /usr/lib/jvm/java-8-oracle/jre/lib/charsets.jar:/usr/lib/jvm/java-8-oracle/jre/lib/deploy.jar:/usr/lib/jvm/java-8-oracle/jre/lib/ext/cldrdata.jar:/usr/lib/jvm/java-8-oracle/jre/lib/ext/dnsns.jar:/usr/lib/jvm/java-8-oracle/jre/lib/ext/jaccess.jar:/usr/lib/jvm/java-8-oracle/jre/lib/ext/jfxrt.jar:/usr/lib/jvm/java-8-oracle/jre/lib/ext/localedata.jar:/usr/lib/jvm/java-8-oracle/jre/lib/ext/nashorn.jar:/usr/lib/jvm/java-8-oracle/jre/lib/ext/sunec.jar:/usr/lib/jvm/java-8-oracle/jre/lib/ext/sunjce_provider.jar:/usr/lib/jvm/java-8-oracle/jre/lib/ext/sunpkcs11.jar:/usr/lib/jvm/java-8-oracle/jre/lib/ext/zipfs.jar:/usr/lib/jvm/java-8-oracle/jre/lib/javaws.jar:/usr/lib/jvm/java-8-oracle/jre/lib/jce.jar:/usr/lib/jvm/java-8-oracle/jre/lib/jfr.jar:/usr/lib/jvm/java-8-oracle/jre/lib/jfxswt.jar:/usr/lib/jvm/java-8-oracle/jre/lib/jsse.jar:/usr/lib/jvm/java-8-oracle/jre/lib/management-agent.jar:/usr/lib/jvm/java-8-oracle/jre/lib/plugin.jar:/usr/lib/jvm/java-8-oracle/jre/lib/resources.jar:/usr/lib/jvm/java-8-oracle/jre/lib/rt.jar:/home/andrey/IdeaProjects/HotelBooking/target/classes:/home/andrey/.m2/repository/org/springframework/boot/spring-boot-starter-data-jpa/1.5.10.RELEASE/spring-boot-starter-data-jpa-1.5.10.RELEASE.jar:/home/andrey/.m2/repository/org/springframework/boot/spring-boot-starter/1.5.10.RELEASE/spring-boot-starter-1.5.10.RELEASE.jar:/home/andrey/.m2/repository/org/springframework/boot/spring-boot-starter-logging/1.5.10.RELEASE/spring-boot-starter-logging-1.5.10.RELEASE.jar:/home/andrey/.m2/repository/ch/qos/logback/logback-classic/1.1.11/logback-classic-1.1.11.jar:/home/andrey/.m2/repository/ch/qos/logback/logback-core/1.1.11/logback-core-1.1.11.jar:/home/andrey/.m2/repository/org/slf4j/jul-to-slf4j/1.7.25/jul-to-slf4j-1.7.25.jar:/home/andrey/.m2/repository/org/slf4j/log4j-over-slf4j/1.7.25/log4j-over-slf4j-1.7.25.jar:/home/andrey/.m2/repository/org/yaml/snakeyaml/1.17/snakeyaml-1.17.jar:/home/andrey/.m2/repository/org/springframework/boot/s
Launcher Type: SUN_STANDARD

Environment Variables:
PATH=/home/andrey/bin:/home/andrey/.local/bin:/usr/local/sbin:/usr/local/bin:/usr/sbin:/usr/bin:/sbin:/bin:/usr/games:/usr/local/games
SHELL=/bin/bash
DISPLAY=:0

Signal Handlers:
SIGSEGV: [libjvm.so+0xad01e0], sa_mask[0]=11111111011111111101111111111110, sa_flags=SA_RESTART|SA_SIGINFO
SIGBUS: [libjvm.so+0xad01e0], sa_mask[0]=11111111011111111101111111111110, sa_flags=SA_RESTART|SA_SIGINFO
SIGFPE: [libjvm.so+0x927fb0], sa_mask[0]=11111111011111111101111111111110, sa_flags=SA_RESTART|SA_SIGINFO
SIGPIPE: [libjvm.so+0x927fb0], sa_mask[0]=11111111011111111101111111111110, sa_flags=SA_RESTART|SA_SIGINFO
SIGXFSZ: [libjvm.so+0x927fb0], sa_mask[0]=11111111011111111101111111111110, sa_flags=SA_RESTART|SA_SIGINFO
SIGILL: [libjvm.so+0x927fb0], sa_mask[0]=11111111011111111101111111111110, sa_flags=SA_RESTART|SA_SIGINFO
SIGUSR1: SIG_DFL, sa_mask[0]=00000000000000000000000000000000, sa_flags=none
SIGUSR2: [libjvm.so+0x9297f0], sa_mask[0]=00100000000000000000000000000000, sa_flags=SA_RESTART|SA_SIGINFO
SIGHUP: [libjvm.so+0x92abf0], sa_mask[0]=11111111011111111101111111111110, sa_flags=SA_RESTART|SA_SIGINFO
SIGINT: [libjvm.so+0x92abf0], sa_mask[0]=11111111011111111101111111111110, sa_flags=SA_RESTART|SA_SIGINFO
SIGTERM: [libjvm.so+0x92abf0], sa_mask[0]=11111111011111111101111111111110, sa_flags=SA_RESTART|SA_SIGINFO
SIGQUIT: [libjvm.so+0x92abf0], sa_mask[0]=11111111011111111101111111111110, sa_flags=SA_RESTART|SA_SIGINFO


---------------  S Y S T E M  ---------------

OS:DISTRIB_ID=LinuxMint
DISTRIB_RELEASE=18.3
DISTRIB_CODENAME=sylvia
DISTRIB_DESCRIPTION="Linux Mint 18.3 Sylvia"

uname:Linux 4.13.0-36-generic #40~16.04.1-Ubuntu SMP Fri Feb 16 23:25:58 UTC 2018 x86_64
libc:glibc 2.23 NPTL 2.23 
rlimit: STACK 8192k, CORE 0k, NPROC 29503, NOFILE 1048576, AS infinity
load average:3,06 2,22 1,76

/proc/meminfo:
MemTotal:        7608240 kB
MemFree:          129460 kB
MemAvailable:      56484 kB
Buffers:            4284 kB
Cached:           247144 kB
SwapCached:            0 kB
Active:          7045408 kB
Inactive:         200608 kB
Active(anon):    6998500 kB
Inactive(anon):   169676 kB
Active(file):      46908 kB
Inactive(file):    30932 kB
Unevictable:          64 kB
Mlocked:              64 kB
SwapTotal:             0 kB
SwapFree:              0 kB
Dirty:              2288 kB
Writeback:             0 kB
AnonPages:       6994920 kB
Mapped:           215344 kB
Shmem:            173320 kB
Slab:              94560 kB
SReclaimable:      52012 kB
SUnreclaim:        42548 kB
KernelStack:       15296 kB
PageTables:        49816 kB
NFS_Unstable:          0 kB
Bounce:                0 kB
WritebackTmp:          0 kB
CommitLimit:     3804120 kB
Committed_AS:   12894124 kB
VmallocTotal:   34359738367 kB
VmallocUsed:           0 kB
VmallocChunk:          0 kB
HardwareCorrupted:     0 kB
AnonHugePages:         0 kB
ShmemHugePages:        0 kB
ShmemPmdMapped:        0 kB
CmaTotal:              0 kB
CmaFree:               0 kB
HugePages_Total:       0
HugePages_Free:        0
HugePages_Rsvd:        0
HugePages_Surp:        0
Hugepagesize:       2048 kB
DirectMap4k:      219732 kB
DirectMap2M:     7600128 kB
DirectMap1G:     1048576 kB


CPU:total 4 (initial active 4) (4 cores per cpu, 1 threads per core) family 21 model 16 stepping 1, cmov, cx8, fxsr, mmx, sse, sse2, sse3, ssse3, sse4.1, sse4.2, popcnt, avx, aes, clmul, mmxext, 3dnowpref, lzcnt, sse4a, tsc, tscinvbit, tscinv, bmi1

/proc/cpuinfo:
processor	: 0
vendor_id	: AuthenticAMD
cpu family	: 21
model		: 16
model name	: AMD A10-4600M APU with Radeon(tm) HD Graphics
stepping	: 1
microcode	: 0x6001119
cpu MHz		: 1400.000
cache size	: 2048 KB
physical id	: 0
siblings	: 4
core id		: 0
cpu cores	: 2
apicid		: 16
initial apicid	: 0
fpu		: yes
fpu_exception	: yes
cpuid level	: 13
wp		: yes
flags		: fpu vme de pse tsc msr pae mce cx8 apic sep mtrr pge mca cmov pat pse36 clflush mmx fxsr sse sse2 ht syscall nx mmxext fxsr_opt pdpe1gb rdtscp lm constant_tsc rep_good nopl nonstop_tsc cpuid extd_apicid aperfmperf pni pclmulqdq monitor ssse3 fma cx16 sse4_1 sse4_2 popcnt aes xsave avx f16c lahf_lm cmp_legacy svm extapic cr8_legacy abm sse4a misalignsse 3dnowprefetch osvw ibs xop skinit wdt lwp fma4 tce nodeid_msr tbm topoext perfctr_core perfctr_nb cpb hw_pstate retpoline retpoline_amd rsb_ctxsw vmmcall bmi1 arat npt lbrv svm_lock nrip_save tsc_scale vmcb_clean flushbyasid decodeassists pausefilter pfthreshold
bugs		: fxsave_leak sysret_ss_attrs null_seg spectre_v1 spectre_v2
bogomips	: 4591.59
TLB size	: 1536 4K pages
clflush size	: 64
cache_alignment	: 64
address sizes	: 48 bits physical, 48 bits virtual
power management: ts ttp tm 100mhzsteps hwpstate cpb eff_freq_ro

processor	: 1
vendor_id	: AuthenticAMD
cpu family	: 21
model		: 16
model name	: AMD A10-4600M APU with Radeon(tm) HD Graphics
stepping	: 1
microcode	: 0x6001119
cpu MHz		: 1600.000
cache size	: 2048 KB
physical id	: 0
siblings	: 4
core id		: 1
cpu cores	: 2
apicid		: 17
initial apicid	: 1
fpu		: yes
fpu_exception	: yes
cpuid level	: 13
wp		: yes
flags		: fpu vme de pse tsc msr pae mce cx8 apic sep mtrr pge mca cmov pat pse36 clflush mmx fxsr sse sse2 ht syscall nx mmxext fxsr_opt pdpe1gb rdtscp lm constant_tsc rep_good nopl nonstop_tsc cpuid extd_apicid aperfmperf pni pclmulqdq monitor ssse3 fma cx16 sse4_1 sse4_2 popcnt aes xsave avx f16c lahf_lm cmp_legacy svm extapic cr8_legacy abm sse4a misalignsse 3dnowprefetch osvw ibs xop skinit wdt lwp fma4 tce nodeid_msr tbm topoext perfctr_core perfctr_nb cpb hw_pstate retpoline retpoline_amd rsb_ctxsw vmmcall bmi1 arat npt lbrv svm_lock nrip_save tsc_scale vmcb_clean flushbyasid decodeassists pausefilter pfthreshold
bugs		: fxsave_leak sysret_ss_attrs null_seg spectre_v1 spectre_v2
bogomips	: 4591.59
TLB size	: 1536 4K pages
clflush size	: 64
cache_alignment	: 64
address sizes	: 48 bits physical, 48 bits virtual
power management: ts ttp tm 100mhzsteps hwpstate cpb eff_freq_ro

processor	: 2
vendor_id	: AuthenticAMD
cpu family	: 21
model		: 16
model name	: AMD A10-4600M APU with Radeon(tm) HD Graphics
stepping	: 1
microcode	: 0x6001119
cpu MHz		: 2300.000
cache size	: 2048 KB
physical id	: 0
siblings	: 4
core id		: 2
cpu cores	: 2
apicid		: 18
initial apicid	: 2
fpu		: yes
fpu_exception	: yes
cpuid level	: 13
wp		: yes
flags		: fpu vme de pse tsc msr pae mce cx8 apic sep mtrr pge mca cmov pat pse36 clflush mmx fxsr sse sse2 ht syscall nx mmxext fxsr_opt pdpe1gb rdtscp lm constant_tsc rep_good nopl nonstop_tsc cpuid extd_apicid aperfmperf pni pclmulqdq monitor ssse3 fma cx16 sse4_1 sse4_2 popcnt aes xsave avx f16c lahf_lm cmp_legacy svm extapic cr8_legacy abm sse4a misalignsse 3dnowprefetch osvw ibs xop skinit wdt lwp fma4 tce nodeid_msr tbm topoext perfctr_core perfctr_nb cpb hw_pstate retpoline retpoline_amd rsb_ctxsw vmmcall bmi1 arat npt lbrv svm_lock nrip_save tsc_scale vmcb_clean flushbyasid decodeassists pausefilter pfthreshold
bugs		: fxsave_leak sysret_ss_attrs null_seg spectre_v1 spectre_v2
bogomips	: 4591.59
TLB size	: 1536 4K pages
clflush size	: 64
cache_alignment	: 64
address sizes	: 48 bits physical, 48 bits virtual
power management: ts ttp tm 100mhzsteps hwpstate cpb eff_freq_ro

processor	: 3
vendor_id	: AuthenticAMD
cpu family	: 21
model		: 16
model name	: AMD A10-4600M APU with Radeon(tm) HD Graphics
stepping	: 1
microcode	: 0x6001119
cpu MHz		: 1800.000
cache size	: 2048 KB
physical id	: 0
siblings	: 4
core id		: 3
cpu cores	: 2
apicid		: 19
initial apicid	: 3
fpu		: yes
fpu_exception	: yes
cpuid level	: 13
wp		: yes
flags		: fpu vme de pse tsc msr pae mce cx8 apic sep mtrr pge mca cmov pat pse36 clflush mmx fxsr sse sse2 ht syscall nx mmxext fxsr_opt pdpe1gb rdtscp lm constant_tsc rep_good nopl nonstop_tsc cpuid extd_apicid aperfmperf pni pclmulqdq monitor ssse3 fma cx16 sse4_1 sse4_2 popcnt aes xsave avx f16c lahf_lm cmp_legacy svm extapic cr8_legacy abm sse4a misalignsse 3dnowprefetch osvw ibs xop skinit wdt lwp fma4 tce nodeid_msr tbm topoext perfctr_core perfctr_nb cpb hw_pstate retpoline retpoline_amd rsb_ctxsw vmmcall bmi1 arat npt lbrv svm_lock nrip_save tsc_scale vmcb_clean flushbyasid decodeassists pausefilter pfthreshold
bugs		: fxsave_leak sysret_ss_attrs null_seg spectre_v1 spectre_v2
bogomips	: 4591.59
TLB size	: 1536 4K pages
clflush size	: 64
cache_alignment	: 64
address sizes	: 48 bits physical, 48 bits virtual
power management: ts ttp tm 100mhzsteps hwpstate cpb eff_freq_ro



Memory: 4k page, physical 7608240k(129460k free), swap 0k(0k free)

vm_info: Java HotSpot(TM) 64-Bit Server VM (25.161-b12) for linux-amd64 JRE (1.8.0_161-b12), built on Dec 19 2017 16:12:43 by "java_re" with gcc 4.3.0 20080428 (Red Hat 4.3.0-8)

time: Wed Feb 28 18:16:30 2018
elapsed time: 22 seconds (0d 0h 0m 22s)

